Loading ffmpeg/gcc/11.3.0/zen2/6.0
  Loading requirement: gcc/11.3.0
1
4
slurmstepd: error: execve(): /scratch/zt1/project/bhatele-lab/user/cunyang/sync/T3_AV/./get_rank.sh: No such file or directory
slurmstepd: error: execve(): /scratch/zt1/project/bhatele-lab/user/cunyang/sync/T3_AV/./get_rank.sh: No such file or directory
slurmstepd: error: execve(): /scratch/zt1/project/bhatele-lab/user/cunyang/sync/T3_AV/./get_rank.sh: No such file or directory
slurmstepd: error: execve(): /scratch/zt1/project/bhatele-lab/user/cunyang/sync/T3_AV/./get_rank.sh: No such file or directory
slurmstepd: error: execve(): /scratch/zt1/project/bhatele-lab/user/cunyang/sync/T3_AV/./get_rank.sh: No such file or directory
slurmstepd: error: execve(): /scratch/zt1/project/bhatele-lab/user/cunyang/sync/T3_AV/./get_rank.sh: No such file or directory
slurmstepd: error: execve(): /scratch/zt1/project/bhatele-lab/user/cunyang/sync/T3_AV/./get_rank.sh: No such file or directory
slurmstepd: error: execve(): /scratch/zt1/project/bhatele-lab/user/cunyang/sync/T3_AV/./get_rank.sh: No such file or directory
slurmstepd: error: execve(): /scratch/zt1/project/bhatele-lab/user/cunyang/sync/T3_AV/./get_rank.sh: No such file or directory
slurmstepd: error: execve(): /scratch/zt1/project/bhatele-lab/user/cunyang/sync/T3_AV/./get_rank.sh: No such file or directory
slurmstepd: error: execve(): /scratch/zt1/project/bhatele-lab/user/cunyang/sync/T3_AV/./get_rank.sh: No such file or directory
slurmstepd: error: execve(): /scratch/zt1/project/bhatele-lab/user/cunyang/sync/T3_AV/./get_rank.sh: No such file or directory
slurmstepd: error: execve(): /scratch/zt1/project/bhatele-lab/user/cunyang/sync/T3_AV/./get_rank.sh: No such file or directory
slurmstepd: error: execve(): /scratch/zt1/project/bhatele-lab/user/cunyang/sync/T3_AV/./get_rank.sh: No such file or directory
slurmstepd: error: execve(): /scratch/zt1/project/bhatele-lab/user/cunyang/sync/T3_AV/./get_rank.sh: No such file or directory
slurmstepd: error: execve(): /scratch/zt1/project/bhatele-lab/user/cunyang/sync/T3_AV/./get_rank.sh: No such file or directory
slurmstepd: error: execve(): /scratch/zt1/project/bhatele-lab/user/cunyang/sync/T3_AV/./get_rank.sh: No such file or directory
slurmstepd: error: execve(): /scratch/zt1/project/bhatele-lab/user/cunyang/sync/T3_AV/./get_rank.sh: No such file or directory
slurmstepd: error: execve(): /scratch/zt1/project/bhatele-lab/user/cunyang/sync/T3_AV/./get_rank.sh: No such file or directory
slurmstepd: error: execve(): /scratch/zt1/project/bhatele-lab/user/cunyang/sync/T3_AV/./get_rank.sh: No such file or directory
slurmstepd: error: execve(): /scratch/zt1/project/bhatele-lab/user/cunyang/sync/T3_AV/./get_rank.sh: No such file or directory
slurmstepd: error: execve(): /scratch/zt1/project/bhatele-lab/user/cunyang/sync/T3_AV/./get_rank.sh: No such file or directory
slurmstepd: error: execve(): /scratch/zt1/project/bhatele-lab/user/cunyang/sync/T3_AV/./get_rank.sh: No such file or directory
slurmstepd: error: execve(): /scratch/zt1/project/bhatele-lab/user/cunyang/sync/T3_AV/./get_rank.sh: No such file or directory
slurmstepd: error: execve(): /scratch/zt1/project/bhatele-lab/user/cunyang/sync/T3_AV/./get_rank.sh: No such file or directory
slurmstepd: error: execve(): /scratch/zt1/project/bhatele-lab/user/cunyang/sync/T3_AV/./get_rank.sh: No such file or directory
slurmstepd: error: execve(): /scratch/zt1/project/bhatele-lab/user/cunyang/sync/T3_AV/./get_rank.sh: No such file or directory
slurmstepd: error: execve(): /scratch/zt1/project/bhatele-lab/user/cunyang/sync/T3_AV/./get_rank.sh: No such file or directory
slurmstepd: error: execve(): /scratch/zt1/project/bhatele-lab/user/cunyang/sync/T3_AV/./get_rank.sh: No such file or directory
slurmstepd: error: execve(): /scratch/zt1/project/bhatele-lab/user/cunyang/sync/T3_AV/./get_rank.sh: No such file or directory
slurmstepd: error: execve(): /scratch/zt1/project/bhatele-lab/user/cunyang/sync/T3_AV/./get_rank.sh: No such file or directory
slurmstepd: error: execve(): /scratch/zt1/project/bhatele-lab/user/cunyang/sync/T3_AV/./get_rank.sh: No such file or directory
slurmstepd: error: execve(): /scratch/zt1/project/bhatele-lab/user/cunyang/sync/T3_AV/./get_rank.sh: No such file or directory
slurmstepd: error: execve(): /scratch/zt1/project/bhatele-lab/user/cunyang/sync/T3_AV/./get_rank.sh: No such file or directory
slurmstepd: error: execve(): /scratch/zt1/project/bhatele-lab/user/cunyang/sync/T3_AV/./get_rank.sh: No such file or directory
slurmstepd: error: execve(): /scratch/zt1/project/bhatele-lab/user/cunyang/sync/T3_AV/./get_rank.sh: No such file or directory
slurmstepd: error: execve(): /scratch/zt1/project/bhatele-lab/user/cunyang/sync/T3_AV/./get_rank.sh: No such file or directory
slurmstepd: error: execve(): /scratch/zt1/project/bhatele-lab/user/cunyang/sync/T3_AV/./get_rank.sh: No such file or directory
slurmstepd: error: execve(): /scratch/zt1/project/bhatele-lab/user/cunyang/sync/T3_AV/./get_rank.sh: No such file or directory
slurmstepd: error: execve(): /scratch/zt1/project/bhatele-lab/user/cunyang/sync/T3_AV/./get_rank.sh: No such file or directory
slurmstepd: error: execve(): /scratch/zt1/project/bhatele-lab/user/cunyang/sync/T3_AV/./get_rank.sh: No such file or directory
slurmstepd: error: execve(): /scratch/zt1/project/bhatele-lab/user/cunyang/sync/T3_AV/./get_rank.sh: No such file or directory
slurmstepd: error: execve(): /scratch/zt1/project/bhatele-lab/user/cunyang/sync/T3_AV/./get_rank.sh: No such file or directory
slurmstepd: error: execve(): /scratch/zt1/project/bhatele-lab/user/cunyang/sync/T3_AV/./get_rank.sh: No such file or directory
slurmstepd: error: execve(): /scratch/zt1/project/bhatele-lab/user/cunyang/sync/T3_AV/./get_rank.sh: No such file or directory
slurmstepd: error: execve(): /scratch/zt1/project/bhatele-lab/user/cunyang/sync/T3_AV/./get_rank.sh: No such file or directory
slurmstepd: error: execve(): /scratch/zt1/project/bhatele-lab/user/cunyang/sync/T3_AV/./get_rank.sh: No such file or directory
slurmstepd: error: execve(): /scratch/zt1/project/bhatele-lab/user/cunyang/sync/T3_AV/./get_rank.sh: No such file or directory
slurmstepd: error: execve(): /scratch/zt1/project/bhatele-lab/user/cunyang/sync/T3_AV/./get_rank.sh: No such file or directory
slurmstepd: error: execve(): /scratch/zt1/project/bhatele-lab/user/cunyang/sync/T3_AV/./get_rank.sh: No such file or directory
slurmstepd: error: execve(): /scratch/zt1/project/bhatele-lab/user/cunyang/sync/T3_AV/./get_rank.sh: No such file or directory
slurmstepd: error: execve(): /scratch/zt1/project/bhatele-lab/user/cunyang/sync/T3_AV/./get_rank.sh: No such file or directory
slurmstepd: error: execve(): /scratch/zt1/project/bhatele-lab/user/cunyang/sync/T3_AV/./get_rank.sh: No such file or directory
slurmstepd: error: execve(): /scratch/zt1/project/bhatele-lab/user/cunyang/sync/T3_AV/./get_rank.sh: No such file or directory
slurmstepd: error: execve(): /scratch/zt1/project/bhatele-lab/user/cunyang/sync/T3_AV/./get_rank.sh: No such file or directory
slurmstepd: error: execve(): /scratch/zt1/project/bhatele-lab/user/cunyang/sync/T3_AV/./get_rank.sh: No such file or directory
slurmstepd: error: execve(): /scratch/zt1/project/bhatele-lab/user/cunyang/sync/T3_AV/./get_rank.sh: No such file or directory
slurmstepd: error: execve(): /scratch/zt1/project/bhatele-lab/user/cunyang/sync/T3_AV/./get_rank.sh: No such file or directory
slurmstepd: error: execve(): /scratch/zt1/project/bhatele-lab/user/cunyang/sync/T3_AV/./get_rank.sh: No such file or directory
slurmstepd: error: execve(): /scratch/zt1/project/bhatele-lab/user/cunyang/sync/T3_AV/./get_rank.sh: No such file or directory
slurmstepd: error: execve(): /scratch/zt1/project/bhatele-lab/user/cunyang/sync/T3_AV/./get_rank.sh: No such file or directory
slurmstepd: error: execve(): /scratch/zt1/project/bhatele-lab/user/cunyang/sync/T3_AV/./get_rank.sh: No such file or directory
slurmstepd: error: execve(): /scratch/zt1/project/bhatele-lab/user/cunyang/sync/T3_AV/./get_rank.sh: No such file or directory
slurmstepd: error: execve(): /scratch/zt1/project/bhatele-lab/user/cunyang/sync/T3_AV/./get_rank.sh: No such file or directory
srun: error: gpu-a6-8: tasks 0-63: Exited with exit code 2
